                      :-) GROMACS - gmx mdrun, 2023.3 (-:

Copyright 1991-2023 The GROMACS Authors.
GROMACS is free software; you can redistribute it and/or modify it
under the terms of the GNU Lesser General Public License
as published by the Free Software Foundation; either version 2.1
of the License, or (at your option) any later version.

                         Current GROMACS contributors:
       Mark Abraham           Andrey Alekseenko           Cathrine Bergh      
      Christian Blau            Eliane Briand             Mahesh Doijade      
    Stefan Fleischmann           Vytas Gapsys              Gaurav Garg        
      Sergey Gorelov         Gilles Gouaillardet            Alan Gray         
     M. Eric Irrgang         Farzaneh Jalalypour            Joe Jordan        
    Christoph Junghans        Prashanth Kanduri          Sebastian Keller     
     Carsten Kutzner           Justin A. Lemkul          Magnus Lundborg      
       Pascal Merz              Vedran Miletic            Dmitry Morozov      
       Szilard Pall             Roland Schulz             Michael Shirts      
     Alexey Shvetsov            Balint Soproni         David van der Spoel    
      Philip Turner             Carsten Uphoff           Alessandra Villa     
 Sebastian Wingbermuehle        Artem Zhmurov       

                         Previous GROMACS contributors:
        Emile Apol             Rossen Apostolov           James Barnett       
  Herman J.C. Berendsen          Par Bjelkmar           Viacheslav Bolnykh    
        Kevin Boyd            Aldert van Buuren          Carlo Camilloni      
     Rudi van Drunen            Anton Feenstra           Oliver Fleetwood     
     Gerrit Groenhof            Bert de Groot             Anca Hamuraru       
    Vincent Hindriksen          Victor Holanda           Aleksei Iupinov      
   Dimitrios Karkoulis           Peter Kasson             Sebastian Kehl      
        Jiri Kraus               Per Larsson              Viveca Lindahl      
      Erik Marklund           Pieter Meulenhoff           Teemu Murtola       
       Sander Pronk             Alfons Sijbers            Peter Tieleman      
       Jon Vincent             Teemu Virolainen         Christian Wennberg    
       Maarten Wolf       

                  Coordinated by the GROMACS project leaders:
                    Paul Bauer, Berk Hess, and Erik Lindahl

GROMACS:      gmx mdrun, version 2023.3
Executable:   /appl/local/csc/soft/chem/GROMACS/2023.3-hipSYCL-GPU/bin/gmx_mpi
Data prefix:  /appl/local/csc/soft/chem/GROMACS/2023.3-hipSYCL-GPU
Working dir:  /pfs/lustrep3/scratch/project_462000002/xanthony/gromacs-on-lumi/stmv_gmx
Process ID:   21869
Command line:
  gmx_mpi mdrun -s pme_nvt.tpr -g ex3.1_id5648861.log -nb gpu -bonded gpu -update cpu -pme gpu -npme 1 -nsteps -1 -notunepme -maxh 0.1 -resethway

GROMACS version:    2023.3
Precision:          mixed
Memory model:       64 bit
MPI library:        MPI
OpenMP support:     enabled (GMX_OPENMP_MAX_THREADS = 128)
GPU support:        SYCL (hipSYCL)
NB cluster size:    8 (cluster-pair splitting off)
SIMD instructions:  AVX2_256
CPU FFT library:    commercial-fftw-3.3.10-sse2-avx-avx2-avx2_128
GPU FFT library:    VkFFT internal (1.2.26-b15cb0ca3e884bdb6c901a12d87aa8aadf7637d8) with HIP backend
Multi-GPU FFT:      none
RDTSCP usage:       enabled
TNG support:        enabled
Hwloc support:      disabled
Tracing support:    disabled
C compiler:         /appl/lumi/SW/LUMI-22.08/G/EB/rocm/5.3.3/llvm/bin/clang Clang 15.0.0
C compiler flags:   -mavx2 -mfma -Wno-missing-field-initializers -O3 -DNDEBUG
C++ compiler:       /appl/lumi/SW/LUMI-22.08/G/EB/rocm/5.3.3/llvm/bin/clang++ Clang 15.0.0
C++ compiler flags: -mavx2 -mfma -Wno-reserved-identifier -Wno-missing-field-initializers -Weverything -Wno-c++98-compat -Wno-c++98-compat-pedantic -Wno-source-uses-openmp -Wno-c++17-extensions -Wno-documentation-unknown-command -Wno-covered-switch-default -Wno-switch-enum -Wno-extra-semi-stmt -Wno-weak-vtables -Wno-shadow -Wno-padded -Wno-reserved-id-macro -Wno-double-promotion -Wno-exit-time-destructors -Wno-global-constructors -Wno-documentation -Wno-format-nonliteral -Wno-used-but-marked-unused -Wno-float-equal -Wno-cuda-compat -Wno-conditional-uninitialized -Wno-conversion -Wno-disabled-macro-expansion -Wno-unused-macros -Wno-unused-parameter -Wno-unused-variable -Wno-newline-eof -Wno-old-style-cast -Wno-zero-as-null-pointer-constant -Wno-unused-but-set-variable -Wno-sign-compare -Wno-unused-result -fopenmp=libomp -O3 -DNDEBUG
BLAS library:       External - user-supplied
LAPACK library:     External - user-supplied
hipSYCL launcher:   /appl/local/csc/soft/chem/hipSYCL/0.9.4-cpeGNU-22.08/lib/cmake/hipSYCL/syclcc-launcher
hipSYCL flags:      -Wno-unknown-cuda-version -Wno-unknown-attributes  --hipsycl-targets="hip:gfx90a"
hipSYCL GPU flags:  -ffast-math;-fgpu-inline-threshold=99999
hipSYCL targets:    hip:gfx90a
hipSYCL version:    hipSYCL 0.9.4-git


Running on 1 node with total 56 cores, 112 processing units, 1 compatible GPU
Hardware detected on host nid005191 (the node of MPI rank 0):
  CPU info:
    Vendor: AMD
    Brand:  AMD EPYC 7A53 64-Core Processor                
    Family: 25   Model: 48   Stepping: 1
    Features: aes amd apic avx avx2 clfsh cmov cx8 cx16 f16c fma htt lahf misalignsse mmx msr nonstop_tsc pcid pclmuldq pdpe1gb popcnt pse rdrnd rdtscp sha sse2 sse3 sse4a sse4.1 sse4.2 ssse3 x2apic
  Hardware topology: Basic
    Packages, cores, and logical processors:
    [indices refer to OS logical processors]
      Package  0: [   1  65] [   2  66] [   3  67] [   4  68] [   5  69] [   6  70] [   7  71] [   9  73] [  10  74] [  11  75] [  12  76] [  13  77] [  14  78] [  15  79] [  17  81] [  18  82] [  19  83] [  20  84] [  21  85] [  22  86] [  23  87] [  25  89] [  26  90] [  27  91] [  28  92] [  29  93] [  30  94] [  31  95] [  33  97] [  34  98] [  35  99] [  36 100] [  37 101] [  38 102] [  39 103] [  41 105] [  42 106] [  43 107] [  44 108] [  45 109] [  46 110] [  47 111] [  49 113] [  50 114] [  51 115] [  52 116] [  53 117] [  54 118] [  55 119] [  57 121] [  58 122] [  59 123] [  60 124] [  61 125] [  62 126] [  63 127]
    CPU limit set by OS: -1   Recommended max number of threads: 112
  GPU info:
    Number of GPUs detected: 1
    #0: name: , architecture 9.0.10, vendor: AMD, device version: 1.2 hipSYCL 0.9.4-git, driver version 50322062, status: compatible


++++ PLEASE READ AND CITE THE FOLLOWING REFERENCE ++++
M. J. Abraham, T. Murtola, R. Schulz, S. Páll, J. C. Smith, B. Hess, E.
Lindahl
GROMACS: High performance molecular simulations through multi-level
parallelism from laptops to supercomputers
SoftwareX 1 (2015) pp. 19-25
-------- -------- --- Thank You --- -------- --------


++++ PLEASE READ AND CITE THE FOLLOWING REFERENCE ++++
S. Páll, M. J. Abraham, C. Kutzner, B. Hess, E. Lindahl
Tackling Exascale Software Challenges in Molecular Dynamics Simulations with
GROMACS
In S. Markidis & E. Laure (Eds.), Solving Software Challenges for Exascale 8759 (2015) pp. 3-27
-------- -------- --- Thank You --- -------- --------


++++ PLEASE READ AND CITE THE FOLLOWING REFERENCE ++++
S. Pronk, S. Páll, R. Schulz, P. Larsson, P. Bjelkmar, R. Apostolov, M. R.
Shirts, J. C. Smith, P. M. Kasson, D. van der Spoel, B. Hess, and E. Lindahl
GROMACS 4.5: a high-throughput and highly parallel open source molecular
simulation toolkit
Bioinformatics 29 (2013) pp. 845-54
-------- -------- --- Thank You --- -------- --------


++++ PLEASE READ AND CITE THE FOLLOWING REFERENCE ++++
B. Hess and C. Kutzner and D. van der Spoel and E. Lindahl
GROMACS 4: Algorithms for highly efficient, load-balanced, and scalable
molecular simulation
J. Chem. Theory Comput. 4 (2008) pp. 435-447
-------- -------- --- Thank You --- -------- --------


++++ PLEASE READ AND CITE THE FOLLOWING REFERENCE ++++
D. van der Spoel, E. Lindahl, B. Hess, G. Groenhof, A. E. Mark and H. J. C.
Berendsen
GROMACS: Fast, Flexible and Free
J. Comp. Chem. 26 (2005) pp. 1701-1719
-------- -------- --- Thank You --- -------- --------


++++ PLEASE READ AND CITE THE FOLLOWING REFERENCE ++++
E. Lindahl and B. Hess and D. van der Spoel
GROMACS 3.0: A package for molecular simulation and trajectory analysis
J. Mol. Mod. 7 (2001) pp. 306-317
-------- -------- --- Thank You --- -------- --------


++++ PLEASE READ AND CITE THE FOLLOWING REFERENCE ++++
H. J. C. Berendsen, D. van der Spoel and R. van Drunen
GROMACS: A message-passing parallel molecular dynamics implementation
Comp. Phys. Comm. 91 (1995) pp. 43-56
-------- -------- --- Thank You --- -------- --------


++++ PLEASE CITE THE DOI FOR THIS VERSION OF GROMACS ++++
https://doi.org/10.5281/zenodo.10017686
-------- -------- --- Thank You --- -------- --------


The number of OpenMP threads was set by environment variable OMP_NUM_THREADS to 7

This run has forced use of 'GPU-aware MPI'. However, GROMACS cannot determine if underlying MPI is GPU-aware. Check the GROMACS install guide for recommendations for GPU-aware support. If you observe failures at runtime, try unsetting the GMX_FORCE_GPU_AWARE_MPI environment variable.

GMX_ENABLE_DIRECT_GPU_COMM environment variable detected, enabling direct GPU communication using GPU-aware MPI.
Input Parameters:
   integrator                     = md
   tinit                          = 0
   dt                             = 0.002
   nsteps                         = -1
   init-step                      = 0
   simulation-part                = 1
   mts                            = false
   comm-mode                      = Linear
   nstcomm                        = 1000
   bd-fric                        = 0
   ld-seed                        = -1593848065
   emtol                          = 10
   emstep                         = 0.01
   niter                          = 20
   fcstep                         = 0
   nstcgsteep                     = 1000
   nbfgscorr                      = 10
   rtpi                           = 0.05
   nstxout                        = 0
   nstvout                        = 0
   nstfout                        = 0
   nstlog                         = 0
   nstcalcenergy                  = 1000
   nstenergy                      = 0
   nstxout-compressed             = 0
   compressed-x-precision         = 1000
   cutoff-scheme                  = Verlet
   nstlist                        = 100
   pbc                            = xyz
   periodic-molecules             = false
   verlet-buffer-tolerance        = 0.005
   rlist                          = 1.339
   coulombtype                    = PME
   coulomb-modifier               = Potential-shift
   rcoulomb-switch                = 0
   rcoulomb                       = 1.2
   epsilon-r                      = 1
   epsilon-rf                     = inf
   vdw-type                       = Cut-off
   vdw-modifier                   = Force-switch
   rvdw-switch                    = 1
   rvdw                           = 1.2
   DispCorr                       = No
   table-extension                = 1
   fourierspacing                 = 0.15
   fourier-nx                     = 160
   fourier-ny                     = 160
   fourier-nz                     = 160
   pme-order                      = 4
   ewald-rtol                     = 1e-05
   ewald-rtol-lj                  = 0.001
   lj-pme-comb-rule               = Geometric
   ewald-geometry                 = 3d
   epsilon-surface                = 0
   ensemble-temperature-setting   = constant
   ensemble-temperature           = 298
   tcoupl                         = V-rescale
   nsttcouple                     = 100
   nh-chain-length                = 0
   print-nose-hoover-chain-variables = false
   pcoupl                         = No
   pcoupltype                     = Isotropic
   nstpcouple                     = -1
   tau-p                          = 1
   compressibility (3x3):
      compressibility[    0]={ 0.00000e+00,  0.00000e+00,  0.00000e+00}
      compressibility[    1]={ 0.00000e+00,  0.00000e+00,  0.00000e+00}
      compressibility[    2]={ 0.00000e+00,  0.00000e+00,  0.00000e+00}
   ref-p (3x3):
      ref-p[    0]={ 0.00000e+00,  0.00000e+00,  0.00000e+00}
      ref-p[    1]={ 0.00000e+00,  0.00000e+00,  0.00000e+00}
      ref-p[    2]={ 0.00000e+00,  0.00000e+00,  0.00000e+00}
   refcoord-scaling               = No
   posres-com (3):
      posres-com[0]= 0.00000e+00
      posres-com[1]= 0.00000e+00
      posres-com[2]= 0.00000e+00
   posres-comB (3):
      posres-comB[0]= 0.00000e+00
      posres-comB[1]= 0.00000e+00
      posres-comB[2]= 0.00000e+00
   QMMM                           = false
qm-opts:
   ngQM                           = 0
   constraint-algorithm           = Lincs
   continuation                   = false
   Shake-SOR                      = false
   shake-tol                      = 0.0001
   lincs-order                    = 4
   lincs-iter                     = 1
   lincs-warnangle                = 30
   nwall                          = 0
   wall-type                      = 9-3
   wall-r-linpot                  = -1
   wall-atomtype[0]               = -1
   wall-atomtype[1]               = -1
   wall-density[0]                = 0
   wall-density[1]                = 0
   wall-ewald-zfac                = 3
   pull                           = false
   awh                            = false
   rotation                       = false
   interactiveMD                  = false
   disre                          = No
   disre-weighting                = Conservative
   disre-mixed                    = false
   dr-fc                          = 1000
   dr-tau                         = 0
   nstdisreout                    = 100
   orire-fc                       = 0
   orire-tau                      = 0
   nstorireout                    = 100
   free-energy                    = no
   cos-acceleration               = 0
   deform (3x3):
      deform[    0]={ 0.00000e+00,  0.00000e+00,  0.00000e+00}
      deform[    1]={ 0.00000e+00,  0.00000e+00,  0.00000e+00}
      deform[    2]={ 0.00000e+00,  0.00000e+00,  0.00000e+00}
   simulated-tempering            = false
   swapcoords                     = no
   userint1                       = 0
   userint2                       = 0
   userint3                       = 0
   userint4                       = 0
   userreal1                      = 0
   userreal2                      = 0
   userreal3                      = 0
   userreal4                      = 0
   applied-forces:
     electric-field:
       x:
         E0                       = 0
         omega                    = 0
         t0                       = 0
         sigma                    = 0
       y:
         E0                       = 0
         omega                    = 0
         t0                       = 0
         sigma                    = 0
       z:
         E0                       = 0
         omega                    = 0
         t0                       = 0
         sigma                    = 0
     density-guided-simulation:
       active                     = false
       group                      = protein
       similarity-measure         = inner-product
       atom-spreading-weight      = unity
       force-constant             = 1e+09
       gaussian-transform-spreading-width = 0.2
       gaussian-transform-spreading-range-in-multiples-of-width = 4
       reference-density-filename = reference.mrc
       nst                        = 1
       normalize-densities        = true
       adaptive-force-scaling     = false
       adaptive-force-scaling-time-constant = 4
       shift-vector               = 
       transformation-matrix      = 
     qmmm-cp2k:
       active                     = false
       qmgroup                    = System
       qmmethod                   = PBE
       qmfilenames                = 
       qmcharge                   = 0
       qmmultiplicity             = 1
grpopts:
   nrdf:  2.22246e+06
   ref-t:         298
   tau-t:           1
annealing:          No
annealing-npoints:           0
   acc:	           0           0           0
   nfreeze:           N           N           N
   energygrp-flags[  0]: 0


The -nsteps functionality is deprecated, and may be removed in a future version. Consider using gmx convert-tpr -nsteps or changing the appropriate .mdp file field.

Overriding nsteps with value passed on the command line: -1 steps

Initializing Domain Decomposition on 3 ranks
Dynamic load balancing: auto
Using update groups, nr 389067, average size 2.7 atoms, max. radius 0.139 nm
Minimum cell size due to atom displacement: 0.700 nm
Initial maximum distances in bonded interactions:
    two-body bonded interactions: 0.442 nm, LJ-14, atoms 106625 106633
  multi-body bonded interactions: 0.442 nm, Proper Dih., atoms 106625 106633
Minimum cell size due to bonded interactions: 0.486 nm
Scaling the initial minimum size with 1/0.8 (option -dds) = 1.25
Using 1 separate PME ranks, as requested with -npme option
Optimizing the DD grid for 2 cells with a minimum initial size of 0.875 nm
The maximum allowed number of cells is: X 24 Y 24 Z 24
Domain decomposition grid 2 x 1 x 1, separate PME ranks 1
PME domain decomposition: 1 x 1 x 1
Interleaving PP and PME ranks
This rank does only particle-particle work.
Domain decomposition rank 0, coordinates 0 0 0

The initial number of communication pulses is: X 1
The initial domain decomposition cell size is: X 10.84 nm

The maximum allowed distance for atom groups involved in interactions is:
                 non-bonded interactions           1.617 nm
            two-body bonded interactions  (-rdd)   1.617 nm
          multi-body bonded interactions  (-rdd)   1.617 nm

When dynamic load balancing gets turned on, these settings will change to:
The maximum number of communication pulses is: X 1
The minimum size for domain decomposition cells is 1.617 nm
The requested allowed shrink of DD cells (option -dds) is: 0.80
The allowed shrink of domain decomposition cells is: X 0.15
The maximum allowed distance for atom groups involved in interactions is:
                 non-bonded interactions           1.617 nm
            two-body bonded interactions  (-rdd)   1.617 nm
          multi-body bonded interactions  (-rdd)   1.617 nm

NOTE: SYCL GPU support in GROMACS, and the compilers, libraries,
and drivers that it depends on are fairly new.
Please, pay extra attention to the correctness of your results,
and update to the latest GROMACS patch version if warranted.

On host nid005191 1 GPU selected for this run.
Mapping of GPU IDs to the 3 GPU tasks in the 3 ranks on this node:
  PP:0,PP:0,PME:0
PP tasks will do (non-perturbed) short-ranged and most bonded interactions on the GPU
PP task will update and constrain coordinates on the CPU
PME tasks will do all aspects on the GPU
GPU direct communication will be used between MPI ranks.
Using 3 MPI processes

Non-default thread affinity set, disabling internal thread affinity

Using 7 OpenMP threads per MPI process

System total charge: 0.000
Will do PME sum in reciprocal space for electrostatic interactions.

++++ PLEASE READ AND CITE THE FOLLOWING REFERENCE ++++
U. Essmann, L. Perera, M. L. Berkowitz, T. Darden, H. Lee and L. G. Pedersen 
A smooth particle mesh Ewald method
J. Chem. Phys. 103 (1995) pp. 8577-8592
-------- -------- --- Thank You --- -------- --------

Using a Gaussian width (1/beta) of 0.384195 nm for Ewald
Potential shift: LJ r^-12: -2.648e-01 r^-6: -5.349e-01, Ewald -8.333e-06
Initialized non-bonded Coulomb Ewald tables, spacing: 1.02e-03 size: 1176

Generated table with 1169 data points for 1-4 COUL.
Tabscale = 500 points/nm
Generated table with 1169 data points for 1-4 LJ6.
Tabscale = 500 points/nm
Generated table with 1169 data points for 1-4 LJ12.
Tabscale = 500 points/nm


Using GPU 8x8 nonbonded short-range kernels

Using a dual 8x8 pair-list setup updated with dynamic, rolling pruning:
  outer list: updated every 100 steps, buffer 0.139 nm, rlist 1.339 nm
  inner list: updated every  12 steps, buffer 0.002 nm, rlist 1.202 nm
At tolerance 0.005 kJ/mol/ps per atom, equivalent classical 1x1 list would be:
  outer list: updated every 100 steps, buffer 0.292 nm, rlist 1.492 nm
  inner list: updated every  12 steps, buffer 0.051 nm, rlist 1.251 nm

The non-bonded pair calculation algorithm tolerates a few missing pair interactions close to the cut-off. This can lead to a systematic overestimation of the pressure due to missing LJ interactions. The error in the average pressure due to missing LJ interactions is at most 0.50 bar.
The pressure error can be controlled by setting the environment variable GMX_VERLET_BUFFER_PRESSURE_TOLERANCE to the allowed error in units of bar.
Removing pbc first time

Linking all bonded interactions to atoms


Initializing LINear Constraint Solver

++++ PLEASE READ AND CITE THE FOLLOWING REFERENCE ++++
B. Hess and H. Bekker and H. J. C. Berendsen and J. G. E. M. Fraaije
LINCS: A Linear Constraint Solver for molecular simulations
J. Comp. Chem. 18 (1997) pp. 1463-1472
-------- -------- --- Thank You --- -------- --------

The number of constraints is 77851

++++ PLEASE READ AND CITE THE FOLLOWING REFERENCE ++++
S. Miyamoto and P. A. Kollman
SETTLE: An Analytical Version of the SHAKE and RATTLE Algorithms for Rigid
Water Models
J. Comp. Chem. 13 (1992) pp. 952-962
-------- -------- --- Thank You --- -------- --------


Intra-simulation communication will occur every 100 steps.

++++ PLEASE READ AND CITE THE FOLLOWING REFERENCE ++++
G. Bussi, D. Donadio and M. Parrinello
Canonical sampling through velocity rescaling
J. Chem. Phys. 126 (2007) pp. 014101
-------- -------- --- Thank You --- -------- --------

There are: 1066628 Atoms
Atom distribution over 2 domains: av 533314 stddev 220 min 533094 max 533534

Constraining the starting coordinates (step 0)

Constraining the coordinates at t0-dt (step 0)
Center of mass motion removal mode is Linear
We have the following groups for center of mass motion removal:
  0:  rest
RMS relative constraint deviation after constraining: 4.29e-06
Initial temperature: 13.216 K

Started mdrun on rank 0 Fri Jan 12 11:26:38 2024


The -resethway functionality is deprecated, and may be removed in a future version.
           Step           Time
              0        0.00000

   Energies (kJ/mol)
           Bond            U-B    Proper Dih.  Improper Dih.          LJ-14
    1.24978e+05    3.68293e+05    3.37658e+05    1.81847e+04    1.68966e+05
     Coulomb-14        LJ (SR)   Coulomb (SR)   Coul. recip.      Potential
    1.53250e+06    1.45102e+06   -1.89764e+07    5.94810e+04   -1.49153e+07
    Kinetic En.   Total Energy  Conserved En.    Temperature Pressure (bar)
    2.66203e+05   -1.46491e+07   -1.46491e+07    2.88120e+01    7.55894e+02
   Constr. rmsd
    4.70356e-06


DD  step 99 load imb.: force  0.8%  pme mesh/force 1.153

step 23301: resetting all time and cycle counters
Restarted time on rank 0 Fri Jan 12 11:29:36 2024



Received the second INT/TERM signal, stopping within 101 steps

           Step           Time
          39301       78.60200

Writing checkpoint, step 39301 at Fri Jan 12 11:31:38 2024


   Energies (kJ/mol)
           Bond            U-B    Proper Dih.  Improper Dih.          LJ-14
    1.62360e+05    4.48217e+05    3.44918e+05    2.15034e+04    1.72561e+05
     Coulomb-14        LJ (SR)   Coulomb (SR)   Coul. recip.      Potential
    1.53154e+06    1.10006e+06   -1.83485e+07    6.19436e+04   -1.45054e+07
    Kinetic En.   Total Energy  Conserved En.    Temperature Pressure (bar)
    2.75128e+06   -1.17541e+07   -1.45833e+07    2.97780e+02    5.20704e+02
   Constr. rmsd
    5.12772e-06


Energy conservation over simulation part #1 of length 78.602 ps, time 0 to 78.602 ps
  Conserved energy drift: 7.85e-04 kJ/mol/ps per atom


	<======  ###############  ==>
	<====  A V E R A G E S  ====>
	<==  ###############  ======>

	Statistics over 39302 steps using 40 frames

   Energies (kJ/mol)
           Bond            U-B    Proper Dih.  Improper Dih.          LJ-14
    1.67187e+05    4.59906e+05    3.46151e+05    2.22479e+04    1.72670e+05
     Coulomb-14        LJ (SR)   Coulomb (SR)   Coul. recip.      Potential
    1.53012e+06    1.12849e+06   -1.84668e+07    6.09821e+04   -1.45791e+07
    Kinetic En.   Total Energy  Conserved En.    Temperature Pressure (bar)
    2.66782e+06   -1.19112e+07   -1.45891e+07    2.88747e+02    4.34994e+02
   Constr. rmsd
    0.00000e+00

   Total Virial (kJ/mol)
    7.58072e+05   -1.54855e+03    1.92274e+03
   -1.54265e+03    7.52228e+05   -1.26862e+03
    1.92449e+03   -1.26970e+03    7.56937e+05

   Pressure (bar)
    4.27119e+02    5.03560e+00   -5.74056e+00
    5.01639e+00    4.46120e+02    2.55431e+00
   -5.74625e+00    2.55780e+00    4.31742e+02


	M E G A - F L O P S   A C C O U N T I N G

 NB=Group-cutoff nonbonded kernels    NxN=N-by-N cluster Verlet kernels
 RF=Reaction-Field  VdW=Van der Waals  QSTab=quadratic-spline table
 W3=SPC/TIP3p  W4=TIP4p (single or pairs)
 V&F=Potential and force  V=Potential only  F=Force only

 Computing:                               M-Number         M-Flops  % Flops
-----------------------------------------------------------------------------
 Pair Search distance check           23922.082160      215298.739     0.0
 NxN QSTab Elec. + LJ [F]          22586451.938496  1197081952.740    99.7
 NxN QSTab Elec. + LJ [V&F]           24020.770432     1945682.405     0.2
 Reset In Box                           170.660480         511.981     0.0
 CG-CoM                                 170.660480         511.981     0.0
 Virial                                  18.134206         326.416     0.0
 Stop-CM                                 17.066048         170.660     0.0
 Calc-Ekin                              342.387588        9244.465     0.0
 Lincs                                 1245.693851       74741.631     0.0
 Lincs-Mat                             5888.624016       23554.496     0.0
 Constraint-V                         16885.327267      151967.945     0.0
 Constraint-Vir                          16.616072         398.786     0.0
 Settle                                4797.979855     1775252.546     0.1
-----------------------------------------------------------------------------
 Total                                              1201279614.793   100.0
-----------------------------------------------------------------------------


    D O M A I N   D E C O M P O S I T I O N   S T A T I S T I C S

 av. #atoms communicated per step for force:  2 x 145076.5


Dynamic load balancing report:
 DLB was off during the run due to low measured imbalance.
 Average load imbalance: 0.9%.
 The balanceable part of the MD step is 70%, load imbalance is computed from this.
 Part of the total run time spent waiting due to load imbalance: 0.6%.
 Average PME mesh/force load: 0.429
 Part of the total run time spent waiting due to PP/PME imbalance: 3.1 %


      R E A L   C Y C L E   A N D   T I M E   A C C O U N T I N G

On 2 MPI ranks doing PP, each using 7 OpenMP threads, and
on 1 MPI rank doing PME, using 7 OpenMP threads

 Activity:              Num   Num      Call    Wall time         Giga-Cycles
                        Ranks Threads  Count      (s)         total sum    %
--------------------------------------------------------------------------------
 Domain decomp.            2    7        320       9.357        261.457   5.1
 DD comm. load             2    7          1       0.000          0.001   0.0
 Send X to PME             2    7      16001       6.839        191.097   3.7
 Neighbor search           2    7        160       4.252        118.804   2.3
 Launch PP GPU ops.        2    7      63684       1.172         32.744   0.6
 Comm. coord.              2    7      15841      47.937       1339.425  26.1
 Force                     2    7      16001       0.035          0.973   0.0
 Wait + Comm. F            2    7      16001      19.944        557.249  10.9
 PME GPU mesh *            1    7      16001       8.727        121.917   2.4
 PME wait for PP *                               113.518       1585.923  31.0
 Wait + Recv. PME F        2    7      16001       5.469        152.817   3.0
 Wait Bonded GPU           2    7         17       0.000          0.003   0.0
 Wait GPU NB nonloc.       2    7      16001       0.156          4.358   0.1
 Wait GPU NB local         2    7      16001       0.002          0.056   0.0
 Wait GPU state copy       2    7      15984       5.900        164.858   3.2
 NB X/F buffer ops.        2    7         34       0.017          0.466   0.0
 Write traj.               2    7          1       0.134          3.742   0.1
 Update                    2    7      16001       7.343        205.160   4.0
 Constraints               2    7      16001      12.878        359.814   7.0
 Comm. energies            2    7        161       0.132          3.677   0.1
 Rest                                              0.659         18.425   0.4
--------------------------------------------------------------------------------
 Total                                           122.225       5122.690 100.0
--------------------------------------------------------------------------------
(*) Note that with separate PME ranks, the walltime column actually sums to
    twice the total reported, but the cycle count total and % are correct.
--------------------------------------------------------------------------------
 Breakdown of PME mesh activities
--------------------------------------------------------------------------------
 Wait PME GPU gather       1    7      16001       0.054          0.760   0.0
 Launch PME GPU ops.       1    7     160010       0.326          4.548   0.1
 Wait PME Recv. PP X       1    7      32002       8.360        116.795   2.3
--------------------------------------------------------------------------------

               Core t (s)   Wall t (s)        (%)
       Time:     2566.200      122.225     2099.6
                 (ns/day)    (hour/ns)
Performance:       22.622        1.061
Finished mdrun on rank 0 Fri Jan 12 11:31:39 2024

