                      :-) GROMACS - gmx mdrun, 2023.3 (-:

Copyright 1991-2023 The GROMACS Authors.
GROMACS is free software; you can redistribute it and/or modify it
under the terms of the GNU Lesser General Public License
as published by the Free Software Foundation; either version 2.1
of the License, or (at your option) any later version.

                         Current GROMACS contributors:
       Mark Abraham           Andrey Alekseenko           Cathrine Bergh      
      Christian Blau            Eliane Briand             Mahesh Doijade      
    Stefan Fleischmann           Vytas Gapsys              Gaurav Garg        
      Sergey Gorelov         Gilles Gouaillardet            Alan Gray         
     M. Eric Irrgang         Farzaneh Jalalypour            Joe Jordan        
    Christoph Junghans        Prashanth Kanduri          Sebastian Keller     
     Carsten Kutzner           Justin A. Lemkul          Magnus Lundborg      
       Pascal Merz              Vedran Miletic            Dmitry Morozov      
       Szilard Pall             Roland Schulz             Michael Shirts      
     Alexey Shvetsov            Balint Soproni         David van der Spoel    
      Philip Turner             Carsten Uphoff           Alessandra Villa     
 Sebastian Wingbermuehle        Artem Zhmurov       

                         Previous GROMACS contributors:
        Emile Apol             Rossen Apostolov           James Barnett       
  Herman J.C. Berendsen          Par Bjelkmar           Viacheslav Bolnykh    
        Kevin Boyd            Aldert van Buuren          Carlo Camilloni      
     Rudi van Drunen            Anton Feenstra           Oliver Fleetwood     
     Gerrit Groenhof            Bert de Groot             Anca Hamuraru       
    Vincent Hindriksen          Victor Holanda           Aleksei Iupinov      
   Dimitrios Karkoulis           Peter Kasson             Sebastian Kehl      
        Jiri Kraus               Per Larsson              Viveca Lindahl      
      Erik Marklund           Pieter Meulenhoff           Teemu Murtola       
       Sander Pronk             Alfons Sijbers            Peter Tieleman      
       Jon Vincent             Teemu Virolainen         Christian Wennberg    
       Maarten Wolf       

                  Coordinated by the GROMACS project leaders:
                    Paul Bauer, Berk Hess, and Erik Lindahl

GROMACS:      gmx mdrun, version 2023.3
Executable:   /appl/local/csc/soft/chem/GROMACS/2023.3-hipSYCL-GPU/bin/gmx_mpi
Data prefix:  /appl/local/csc/soft/chem/GROMACS/2023.3-hipSYCL-GPU
Working dir:  /pfs/lustrep4/scratch/project_462000007/rkronber/gromacs/gmx-on-lumi/exercise-3.1/stmv
Process ID:   89175
Command line:
  gmx_mpi mdrun -s pme_nvt -npme 1 -nb gpu -pme gpu -bonded cpu -update cpu -g ex3.1_2x7_jID5773128 -nsteps -1 -maxh 0.017 -resethway -notunepme

GROMACS version:    2023.3
Precision:          mixed
Memory model:       64 bit
MPI library:        MPI
OpenMP support:     enabled (GMX_OPENMP_MAX_THREADS = 128)
GPU support:        SYCL (hipSYCL)
NB cluster size:    8 (cluster-pair splitting off)
SIMD instructions:  AVX2_256
CPU FFT library:    commercial-fftw-3.3.10-sse2-avx-avx2-avx2_128
GPU FFT library:    VkFFT internal (1.2.26-b15cb0ca3e884bdb6c901a12d87aa8aadf7637d8) with HIP backend
Multi-GPU FFT:      none
RDTSCP usage:       enabled
TNG support:        enabled
Hwloc support:      disabled
Tracing support:    disabled
C compiler:         /appl/lumi/SW/LUMI-22.08/G/EB/rocm/5.3.3/llvm/bin/clang Clang 15.0.0
C compiler flags:   -mavx2 -mfma -Wno-missing-field-initializers -O3 -DNDEBUG
C++ compiler:       /appl/lumi/SW/LUMI-22.08/G/EB/rocm/5.3.3/llvm/bin/clang++ Clang 15.0.0
C++ compiler flags: -mavx2 -mfma -Wno-reserved-identifier -Wno-missing-field-initializers -Weverything -Wno-c++98-compat -Wno-c++98-compat-pedantic -Wno-source-uses-openmp -Wno-c++17-extensions -Wno-documentation-unknown-command -Wno-covered-switch-default -Wno-switch-enum -Wno-extra-semi-stmt -Wno-weak-vtables -Wno-shadow -Wno-padded -Wno-reserved-id-macro -Wno-double-promotion -Wno-exit-time-destructors -Wno-global-constructors -Wno-documentation -Wno-format-nonliteral -Wno-used-but-marked-unused -Wno-float-equal -Wno-cuda-compat -Wno-conditional-uninitialized -Wno-conversion -Wno-disabled-macro-expansion -Wno-unused-macros -Wno-unused-parameter -Wno-unused-variable -Wno-newline-eof -Wno-old-style-cast -Wno-zero-as-null-pointer-constant -Wno-unused-but-set-variable -Wno-sign-compare -Wno-unused-result -fopenmp=libomp -O3 -DNDEBUG
BLAS library:       External - user-supplied
LAPACK library:     External - user-supplied
hipSYCL launcher:   /appl/local/csc/soft/chem/hipSYCL/0.9.4-cpeGNU-22.08/lib/cmake/hipSYCL/syclcc-launcher
hipSYCL flags:      -Wno-unknown-cuda-version -Wno-unknown-attributes  --hipsycl-targets="hip:gfx90a"
hipSYCL GPU flags:  -ffast-math;-fgpu-inline-threshold=99999
hipSYCL targets:    hip:gfx90a
hipSYCL version:    hipSYCL 0.9.4-git


Running on 1 node with total 14 cores, 28 processing units, 2 compatible GPUs
Hardware detected on host nid007958 (the node of MPI rank 0):
  CPU info:
    Vendor: AMD
    Brand:  AMD EPYC 7A53 64-Core Processor                
    Family: 25   Model: 48   Stepping: 1
    Features: aes amd apic avx avx2 clfsh cmov cx8 cx16 f16c fma htt lahf misalignsse mmx msr nonstop_tsc pcid pclmuldq pdpe1gb popcnt pse rdrnd rdtscp sha sse2 sse3 sse4a sse4.1 sse4.2 ssse3 x2apic
  Hardware topology: Basic
    Packages, cores, and logical processors:
    [indices refer to OS logical processors]
      Package  0: [   1  65] [   2  66] [   3  67] [   4  68] [   5  69] [   6  70] [   7  71] [   9  73] [  10  74] [  11  75] [  12  76] [  13  77] [  14  78] [  15  79]
    CPU limit set by OS: -1   Recommended max number of threads: 28
  GPU info:
    Number of GPUs detected: 2
    #0: name: , architecture 9.0.10, vendor: AMD, device version: 1.2 hipSYCL 0.9.4-git, driver version 50322062, status: compatible
    #1: name: , architecture 9.0.10, vendor: AMD, device version: 1.2 hipSYCL 0.9.4-git, driver version 50322062, status: compatible


++++ PLEASE READ AND CITE THE FOLLOWING REFERENCE ++++
M. J. Abraham, T. Murtola, R. Schulz, S. Páll, J. C. Smith, B. Hess, E.
Lindahl
GROMACS: High performance molecular simulations through multi-level
parallelism from laptops to supercomputers
SoftwareX 1 (2015) pp. 19-25
-------- -------- --- Thank You --- -------- --------


++++ PLEASE READ AND CITE THE FOLLOWING REFERENCE ++++
S. Páll, M. J. Abraham, C. Kutzner, B. Hess, E. Lindahl
Tackling Exascale Software Challenges in Molecular Dynamics Simulations with
GROMACS
In S. Markidis & E. Laure (Eds.), Solving Software Challenges for Exascale 8759 (2015) pp. 3-27
-------- -------- --- Thank You --- -------- --------


++++ PLEASE READ AND CITE THE FOLLOWING REFERENCE ++++
S. Pronk, S. Páll, R. Schulz, P. Larsson, P. Bjelkmar, R. Apostolov, M. R.
Shirts, J. C. Smith, P. M. Kasson, D. van der Spoel, B. Hess, and E. Lindahl
GROMACS 4.5: a high-throughput and highly parallel open source molecular
simulation toolkit
Bioinformatics 29 (2013) pp. 845-54
-------- -------- --- Thank You --- -------- --------


++++ PLEASE READ AND CITE THE FOLLOWING REFERENCE ++++
B. Hess and C. Kutzner and D. van der Spoel and E. Lindahl
GROMACS 4: Algorithms for highly efficient, load-balanced, and scalable
molecular simulation
J. Chem. Theory Comput. 4 (2008) pp. 435-447
-------- -------- --- Thank You --- -------- --------


++++ PLEASE READ AND CITE THE FOLLOWING REFERENCE ++++
D. van der Spoel, E. Lindahl, B. Hess, G. Groenhof, A. E. Mark and H. J. C.
Berendsen
GROMACS: Fast, Flexible and Free
J. Comp. Chem. 26 (2005) pp. 1701-1719
-------- -------- --- Thank You --- -------- --------


++++ PLEASE READ AND CITE THE FOLLOWING REFERENCE ++++
E. Lindahl and B. Hess and D. van der Spoel
GROMACS 3.0: A package for molecular simulation and trajectory analysis
J. Mol. Mod. 7 (2001) pp. 306-317
-------- -------- --- Thank You --- -------- --------


++++ PLEASE READ AND CITE THE FOLLOWING REFERENCE ++++
H. J. C. Berendsen, D. van der Spoel and R. van Drunen
GROMACS: A message-passing parallel molecular dynamics implementation
Comp. Phys. Comm. 91 (1995) pp. 43-56
-------- -------- --- Thank You --- -------- --------


++++ PLEASE CITE THE DOI FOR THIS VERSION OF GROMACS ++++
https://doi.org/10.5281/zenodo.10017686
-------- -------- --- Thank You --- -------- --------


The number of OpenMP threads was set by environment variable OMP_NUM_THREADS to 7

Input Parameters:
   integrator                     = md
   tinit                          = 0
   dt                             = 0.002
   nsteps                         = -1
   init-step                      = 0
   simulation-part                = 1
   mts                            = false
   comm-mode                      = Linear
   nstcomm                        = 1000
   bd-fric                        = 0
   ld-seed                        = -1074020953
   emtol                          = 10
   emstep                         = 0.01
   niter                          = 20
   fcstep                         = 0
   nstcgsteep                     = 1000
   nbfgscorr                      = 10
   rtpi                           = 0.05
   nstxout                        = 0
   nstvout                        = 0
   nstfout                        = 0
   nstlog                         = 0
   nstcalcenergy                  = 1000
   nstenergy                      = 0
   nstxout-compressed             = 0
   compressed-x-precision         = 1000
   cutoff-scheme                  = Verlet
   nstlist                        = 10
   pbc                            = xyz
   periodic-molecules             = false
   verlet-buffer-tolerance        = 0.005
   rlist                          = 1.2
   coulombtype                    = PME
   coulomb-modifier               = Potential-shift
   rcoulomb-switch                = 0
   rcoulomb                       = 1.2
   epsilon-r                      = 1
   epsilon-rf                     = inf
   vdw-type                       = Cut-off
   vdw-modifier                   = Force-switch
   rvdw-switch                    = 1
   rvdw                           = 1.2
   DispCorr                       = No
   table-extension                = 1
   fourierspacing                 = 0.15
   fourier-nx                     = 160
   fourier-ny                     = 160
   fourier-nz                     = 160
   pme-order                      = 4
   ewald-rtol                     = 1e-05
   ewald-rtol-lj                  = 0.001
   lj-pme-comb-rule               = Geometric
   ewald-geometry                 = 3d
   epsilon-surface                = 0
   ensemble-temperature-setting   = constant
   ensemble-temperature           = 298
   tcoupl                         = V-rescale
   nsttcouple                     = 10
   nh-chain-length                = 0
   print-nose-hoover-chain-variables = false
   pcoupl                         = No
   pcoupltype                     = Isotropic
   nstpcouple                     = -1
   tau-p                          = 1
   compressibility (3x3):
      compressibility[    0]={ 0.00000e+00,  0.00000e+00,  0.00000e+00}
      compressibility[    1]={ 0.00000e+00,  0.00000e+00,  0.00000e+00}
      compressibility[    2]={ 0.00000e+00,  0.00000e+00,  0.00000e+00}
   ref-p (3x3):
      ref-p[    0]={ 0.00000e+00,  0.00000e+00,  0.00000e+00}
      ref-p[    1]={ 0.00000e+00,  0.00000e+00,  0.00000e+00}
      ref-p[    2]={ 0.00000e+00,  0.00000e+00,  0.00000e+00}
   refcoord-scaling               = No
   posres-com (3):
      posres-com[0]= 0.00000e+00
      posres-com[1]= 0.00000e+00
      posres-com[2]= 0.00000e+00
   posres-comB (3):
      posres-comB[0]= 0.00000e+00
      posres-comB[1]= 0.00000e+00
      posres-comB[2]= 0.00000e+00
   QMMM                           = false
qm-opts:
   ngQM                           = 0
   constraint-algorithm           = Lincs
   continuation                   = false
   Shake-SOR                      = false
   shake-tol                      = 0.0001
   lincs-order                    = 4
   lincs-iter                     = 1
   lincs-warnangle                = 30
   nwall                          = 0
   wall-type                      = 9-3
   wall-r-linpot                  = -1
   wall-atomtype[0]               = -1
   wall-atomtype[1]               = -1
   wall-density[0]                = 0
   wall-density[1]                = 0
   wall-ewald-zfac                = 3
   pull                           = false
   awh                            = false
   rotation                       = false
   interactiveMD                  = false
   disre                          = No
   disre-weighting                = Conservative
   disre-mixed                    = false
   dr-fc                          = 1000
   dr-tau                         = 0
   nstdisreout                    = 100
   orire-fc                       = 0
   orire-tau                      = 0
   nstorireout                    = 100
   free-energy                    = no
   cos-acceleration               = 0
   deform (3x3):
      deform[    0]={ 0.00000e+00,  0.00000e+00,  0.00000e+00}
      deform[    1]={ 0.00000e+00,  0.00000e+00,  0.00000e+00}
      deform[    2]={ 0.00000e+00,  0.00000e+00,  0.00000e+00}
   simulated-tempering            = false
   swapcoords                     = no
   userint1                       = 0
   userint2                       = 0
   userint3                       = 0
   userint4                       = 0
   userreal1                      = 0
   userreal2                      = 0
   userreal3                      = 0
   userreal4                      = 0
   applied-forces:
     electric-field:
       x:
         E0                       = 0
         omega                    = 0
         t0                       = 0
         sigma                    = 0
       y:
         E0                       = 0
         omega                    = 0
         t0                       = 0
         sigma                    = 0
       z:
         E0                       = 0
         omega                    = 0
         t0                       = 0
         sigma                    = 0
     density-guided-simulation:
       active                     = false
       group                      = protein
       similarity-measure         = inner-product
       atom-spreading-weight      = unity
       force-constant             = 1e+09
       gaussian-transform-spreading-width = 0.2
       gaussian-transform-spreading-range-in-multiples-of-width = 4
       reference-density-filename = reference.mrc
       nst                        = 1
       normalize-densities        = true
       adaptive-force-scaling     = false
       adaptive-force-scaling-time-constant = 4
       shift-vector               = 
       transformation-matrix      = 
     qmmm-cp2k:
       active                     = false
       qmgroup                    = System
       qmmethod                   = PBE
       qmfilenames                = 
       qmcharge                   = 0
       qmmultiplicity             = 1
grpopts:
   nrdf:  2.22246e+06
   ref-t:         298
   tau-t:           1
annealing:          No
annealing-npoints:           0
   acc:	           0           0           0
   nfreeze:           N           N           N
   energygrp-flags[  0]: 0

The -nsteps functionality is deprecated, and may be removed in a future version. Consider using gmx convert-tpr -nsteps or changing the appropriate .mdp file field.

Overriding nsteps with value passed on the command line: -1 steps
Changing nstlist from 10 to 100, rlist from 1.2 to 1.339


Initializing Domain Decomposition on 2 ranks
Dynamic load balancing: auto
Using update groups, nr 389067, average size 2.7 atoms, max. radius 0.139 nm
Minimum cell size due to atom displacement: 0.700 nm
Initial maximum distances in bonded interactions:
    two-body bonded interactions: 0.442 nm, LJ-14, atoms 106625 106633
  multi-body bonded interactions: 0.442 nm, Proper Dih., atoms 106625 106633
Minimum cell size due to bonded interactions: 0.486 nm
Scaling the initial minimum size with 1/0.8 (option -dds) = 1.25
Using 1 separate PME ranks, as requested with -npme option
Optimizing the DD grid for 1 cells with a minimum initial size of 0.875 nm
The maximum allowed number of cells is: X 24 Y 24 Z 24
Domain decomposition grid 1 x 1 x 1, separate PME ranks 1
PME domain decomposition: 1 x 1 x 1
Interleaving PP and PME ranks
This rank does only particle-particle work.

The initial number of communication pulses is:
The initial domain decomposition cell size is:

The maximum allowed distance for atom groups involved in interactions is:
                 non-bonded interactions           1.617 nm
            two-body bonded interactions  (-rdd)   1.617 nm
          multi-body bonded interactions  (-rdd)   1.617 nm

When dynamic load balancing gets turned on, these settings will change to:
The maximum number of communication pulses is:
The minimum size for domain decomposition cells is 1.617 nm
The requested allowed shrink of DD cells (option -dds) is: 0.80
The allowed shrink of domain decomposition cells is:
The maximum allowed distance for atom groups involved in interactions is:
                 non-bonded interactions           1.617 nm
            two-body bonded interactions  (-rdd)   1.617 nm
          multi-body bonded interactions  (-rdd)   1.617 nm

NOTE: SYCL GPU support in GROMACS, and the compilers, libraries,
and drivers that it depends on are fairly new.
Please, pay extra attention to the correctness of your results,
and update to the latest GROMACS patch version if warranted.

On host nid007958 2 GPUs selected for this run.
Mapping of GPU IDs to the 2 GPU tasks in the 2 ranks on this node:
  PP:0,PME:1
PP tasks will do (non-perturbed) short-ranged interactions on the GPU
PP task will update and constrain coordinates on the CPU
PME tasks will do all aspects on the GPU
Using 2 MPI processes

Non-default thread affinity set, disabling internal thread affinity

Using 7 OpenMP threads per MPI process

System total charge: 0.000
Will do PME sum in reciprocal space for electrostatic interactions.

++++ PLEASE READ AND CITE THE FOLLOWING REFERENCE ++++
U. Essmann, L. Perera, M. L. Berkowitz, T. Darden, H. Lee and L. G. Pedersen 
A smooth particle mesh Ewald method
J. Chem. Phys. 103 (1995) pp. 8577-8592
-------- -------- --- Thank You --- -------- --------

Using a Gaussian width (1/beta) of 0.384195 nm for Ewald
Potential shift: LJ r^-12: -2.648e-01 r^-6: -5.349e-01, Ewald -8.333e-06
Initialized non-bonded Coulomb Ewald tables, spacing: 1.02e-03 size: 1176

Generated table with 1169 data points for 1-4 COUL.
Tabscale = 500 points/nm
Generated table with 1169 data points for 1-4 LJ6.
Tabscale = 500 points/nm
Generated table with 1169 data points for 1-4 LJ12.
Tabscale = 500 points/nm


Using GPU 8x8 nonbonded short-range kernels

Using a dual 8x8 pair-list setup updated with dynamic, rolling pruning:
  outer list: updated every 100 steps, buffer 0.139 nm, rlist 1.339 nm
  inner list: updated every  12 steps, buffer 0.002 nm, rlist 1.202 nm
At tolerance 0.005 kJ/mol/ps per atom, equivalent classical 1x1 list would be:
  outer list: updated every 100 steps, buffer 0.292 nm, rlist 1.492 nm
  inner list: updated every  12 steps, buffer 0.051 nm, rlist 1.251 nm

The non-bonded pair calculation algorithm tolerates a few missing pair interactions close to the cut-off. This can lead to a systematic overestimation of the pressure due to missing LJ interactions. The error in the average pressure due to missing LJ interactions is at most 0.50 bar.
The pressure error can be controlled by setting the environment variable GMX_VERLET_BUFFER_PRESSURE_TOLERANCE to the allowed error in units of bar.
Removing pbc first time

Linking all bonded interactions to atoms


Initializing LINear Constraint Solver

++++ PLEASE READ AND CITE THE FOLLOWING REFERENCE ++++
B. Hess and H. Bekker and H. J. C. Berendsen and J. G. E. M. Fraaije
LINCS: A Linear Constraint Solver for molecular simulations
J. Comp. Chem. 18 (1997) pp. 1463-1472
-------- -------- --- Thank You --- -------- --------

The number of constraints is 77851

++++ PLEASE READ AND CITE THE FOLLOWING REFERENCE ++++
S. Miyamoto and P. A. Kollman
SETTLE: An Analytical Version of the SHAKE and RATTLE Algorithms for Rigid
Water Models
J. Comp. Chem. 13 (1992) pp. 952-962
-------- -------- --- Thank You --- -------- --------


Intra-simulation communication will occur every 10 steps.

++++ PLEASE READ AND CITE THE FOLLOWING REFERENCE ++++
G. Bussi, D. Donadio and M. Parrinello
Canonical sampling through velocity rescaling
J. Chem. Phys. 126 (2007) pp. 014101
-------- -------- --- Thank You --- -------- --------

There are: 1066628 Atoms
Atom distribution over 1 domains: av 1066628 stddev 0 min 1066628 max 1066628

Constraining the starting coordinates (step 0)

Constraining the coordinates at t0-dt (step 0)
Center of mass motion removal mode is Linear
We have the following groups for center of mass motion removal:
  0:  rest
RMS relative constraint deviation after constraining: 4.29e-06
Initial temperature: 13.2156 K

Started mdrun on rank 0 Fri Jan 19 10:44:51 2024


The -resethway functionality is deprecated, and may be removed in a future version.
           Step           Time
              0        0.00000

   Energies (kJ/mol)
           Bond            U-B    Proper Dih.  Improper Dih.          LJ-14
    1.24978e+05    3.68287e+05    3.37654e+05    1.81847e+04    1.68966e+05
     Coulomb-14        LJ (SR)   Coulomb (SR)   Coul. recip.      Potential
    1.53249e+06    1.45101e+06   -1.89764e+07    5.94810e+04   -1.49154e+07
    Kinetic En.   Total Energy  Conserved En.    Temperature Pressure (bar)
    2.66194e+05   -1.46492e+07   -1.46492e+07    2.88111e+01    7.55896e+02
   Constr. rmsd
    4.70308e-06


step 1271: resetting all time and cycle counters
Restarted time on rank 0 Fri Jan 19 10:45:22 2024


Step 2600: Run time exceeded 0.017 hours, will terminate the run within 100 steps
           Step           Time
           2700        5.40000

Writing checkpoint, step 2700 at Fri Jan 19 10:45:56 2024


   Energies (kJ/mol)
           Bond            U-B    Proper Dih.  Improper Dih.          LJ-14
    1.59737e+05    4.40615e+05    3.41758e+05    2.09284e+04    1.71391e+05
     Coulomb-14        LJ (SR)   Coulomb (SR)   Coul. recip.      Potential
    1.53048e+06    1.15692e+06   -1.86582e+07    5.92496e+04   -1.47771e+07
    Kinetic En.   Total Energy  Conserved En.    Temperature Pressure (bar)
    2.61124e+06   -1.21659e+07   -1.46510e+07    2.82624e+02    2.79670e+02
   Constr. rmsd
    5.09977e-06


Energy conservation over simulation part #1 of length 5.4 ps, time 0 to 5.4 ps
  Conserved energy drift: -3.15e-04 kJ/mol/ps per atom


	<======  ###############  ==>
	<====  A V E R A G E S  ====>
	<==  ###############  ======>

	Statistics over 2701 steps using 3 frames

   Energies (kJ/mol)
           Bond            U-B    Proper Dih.  Improper Dih.          LJ-14
    1.40146e+05    3.99418e+05    3.36590e+05    1.89133e+04    1.69750e+05
     Coulomb-14        LJ (SR)   Coulomb (SR)   Coul. recip.      Potential
    1.53205e+06    1.31720e+06   -1.90502e+07    5.71632e+04   -1.50790e+07
    Kinetic En.   Total Energy  Conserved En.    Temperature Pressure (bar)
    1.68589e+06   -1.33931e+07   -1.46500e+07    1.82470e+02    3.09890e+02
   Constr. rmsd
    0.00000e+00

   Total Virial (kJ/mol)
    4.71742e+05    4.21190e+03   -3.90193e+03
    4.21690e+03    4.64501e+05    3.51797e+03
   -3.88776e+03    3.52424e+03    4.64273e+05

   Pressure (bar)
    2.92451e+02   -1.56574e+01    1.20541e+01
   -1.56737e+01    3.17459e+02   -1.11191e+01
    1.20079e+01   -1.11395e+01    3.19762e+02


	M E G A - F L O P S   A C C O U N T I N G

 NB=Group-cutoff nonbonded kernels    NxN=N-by-N cluster Verlet kernels
 RF=Reaction-Field  VdW=Van der Waals  QSTab=quadratic-spline table
 W3=SPC/TIP3p  W4=TIP4p (single or pairs)
 V&F=Potential and force  V=Potential only  F=Force only

 Computing:                               M-Number         M-Flops  % Flops
-----------------------------------------------------------------------------
 Pair Search distance check            2052.106704       18468.960     0.0
 NxN QSTab Elec. + LJ [F]           1997696.130624   105877894.923    99.3
 NxN QSTab Elec. + LJ [V&F]            2798.923392      226712.795     0.2
 1,4 nonbonded interactions             621.146240       55903.162     0.1
 Reset In Box                            15.999420          47.998     0.0
 CG-CoM                                  15.999420          47.998     0.0
 Bonds                                  132.124850        7795.366     0.0
 Propers                                548.004600      125493.053     0.1
 Impropers                               34.374340        7149.863     0.0
 Virial                                   2.133346          38.400     0.0
 Stop-CM                                  1.066628          10.666     0.0
 Calc-Ekin                              305.055608        8236.501     0.0
 Lincs                                  111.326930        6679.616     0.0
 Lincs-Mat                              526.262880        2105.052     0.0
 Constraint-V                          1509.031810       13581.286     0.0
 Constraint-Vir                           1.954832          46.916     0.0
 Settle                                 428.792650      158653.280     0.1
 Urey-Bradley                           437.604310       80081.589     0.1
-----------------------------------------------------------------------------
 Total                                               106588947.425   100.0
-----------------------------------------------------------------------------


    D O M A I N   D E C O M P O S I T I O N   S T A T I S T I C S

 av. #atoms communicated per step for force:  2 x 0.0


      R E A L   C Y C L E   A N D   T I M E   A C C O U N T I N G

On 1 MPI rank doing PP, using 7 OpenMP threads, and
on 1 MPI rank doing PME, using 7 OpenMP threads

 Activity:              Num   Num      Call    Wall time         Giga-Cycles
                        Ranks Threads  Count      (s)         total sum    %
--------------------------------------------------------------------------------
 Domain decomp.            1    7         15       1.611         22.505   2.3
 Send X to PME             1    7       1430       1.152         16.089   1.6
 Neighbor search           1    7         15       0.763         10.653   1.1
 Launch PP GPU ops.        1    7       1430       0.090          1.254   0.1
 Force                     1    7       1430       6.834         95.466   9.7
 PME GPU mesh *            1    7       1430       3.712         51.848   5.2
 PME wait for PP *                                31.700        442.825  44.8
 Wait + Recv. PME F        1    7       1430       2.745         38.342   3.9
 Wait GPU NB local         1    7       1430      10.605        148.146  15.0
 NB X/F buffer ops.        1    7       2845       3.934         54.956   5.6
 Write traj.               1    7          1       0.690          9.640   1.0
 Update                    1    7       1430       3.420         47.771   4.8
 Constraints               1    7       1430       3.269         45.662   4.6
 Comm. energies            1    7        143       0.001          0.007   0.0
 Rest                                              0.291          4.063   0.4
--------------------------------------------------------------------------------
 Total                                            35.403        989.110 100.0
--------------------------------------------------------------------------------
(*) Note that with separate PME ranks, the walltime column actually sums to
    twice the total reported, but the cycle count total and % are correct.
--------------------------------------------------------------------------------
 Breakdown of PME mesh activities
--------------------------------------------------------------------------------
 Wait PME GPU gather       1    7       1430       3.690         51.543   5.2
 Launch PME GPU ops.       1    7      11440       0.017          0.244   0.0
--------------------------------------------------------------------------------

               Core t (s)   Wall t (s)        (%)
       Time:      495.506       35.403     1399.6
                 (ns/day)    (hour/ns)
Performance:        6.980        3.438
Finished mdrun on rank 0 Fri Jan 19 10:45:57 2024

